<?xml version="1.0" encoding="UTF-8"?>
<!-- Generated by org.testng.reporters.JUnitReportReporter -->
<testsuite hostname="Anvi" failures="0" tests="1" name="userapi_tests.TC07_DeleteUserbyFirstnameRequest" time="1.465" errors="0" timestamp="2025-02-05T13:15:52 CST" skipped="0">
  <testcase classname="userapi_tests.TC07_DeleteUserbyFirstnameRequest" name="deleteUserByFirstname" time="1.465"/>
</testsuite> <!-- userapi_tests.TC07_DeleteUserbyFirstnameRequest -->
