<?xml version="1.0" encoding="UTF-8"?>
<!-- Generated by org.testng.reporters.JUnitReportReporter -->
<testsuite hostname="Anvi" failures="0" tests="1" name="userapi_tests.GetUserDetailsByIdRequest" time="1.478" errors="0" timestamp="2025-02-05T12:07:50 CST" skipped="0">
  <testcase classname="userapi_tests.GetUserDetailsByIdRequest" name="getUserById" time="1.478"/>
</testsuite> <!-- userapi_tests.GetUserDetailsByIdRequest -->
