<?xml version="1.0" encoding="UTF-8"?>
<!-- Generated by org.testng.reporters.JUnitReportReporter -->
<testsuite hostname="Anvi" failures="0" tests="1" name="userapi_tests.PutUpdateUsesrRequest" time="1.738" errors="0" timestamp="2025-02-05T12:51:40 CST" skipped="0">
  <testcase classname="userapi_tests.PutUpdateUsesrRequest" name="updateUserWithMap" time="1.738"/>
</testsuite> <!-- userapi_tests.PutUpdateUsesrRequest -->
