<?xml version="1.0" encoding="UTF-8"?>
<!-- Generated by org.testng.reporters.JUnitReportReporter -->
<testsuite hostname="Anvi" failures="0" tests="1" name="userapi_tests.GetAllUsersRequest" time="3.489" errors="0" timestamp="2025-02-05T12:03:15 CST" skipped="0">
  <testcase classname="userapi_tests.GetAllUsersRequest" name="getAllUsersDetailsWithBasicAuth" time="3.489"/>
</testsuite> <!-- userapi_tests.GetAllUsersRequest -->
