<?xml version="1.0" encoding="UTF-8"?>
<!-- Generated by org.testng.reporters.JUnitReportReporter -->
<testsuite hostname="Anvi" failures="0" tests="1" name="utils.BaseTest" time="1.635" errors="0" timestamp="2025-02-05T10:23:42 CST" skipped="0">
  <testcase classname="utils.BaseTest" name="basicAuthAPITest" time="1.635"/>
</testsuite> <!-- utils.BaseTest -->
