<?xml version="1.0" encoding="UTF-8"?>
<!-- Generated by org.testng.reporters.JUnitReportReporter -->
<testsuite hostname="Anvi" failures="0" tests="1" name="userapi_tests.GetDetailsByFirstNameRequest" time="1.428" errors="0" timestamp="2025-02-05T12:54:38 CST" skipped="0">
  <testcase classname="userapi_tests.GetDetailsByFirstNameRequest" name="getUserById" time="1.428"/>
</testsuite> <!-- userapi_tests.GetDetailsByFirstNameRequest -->
