<?xml version="1.0" encoding="UTF-8"?>
<!-- Generated by org.testng.reporters.JUnitReportReporter -->
<testsuite hostname="Anvi" failures="0" tests="1" name="userapi_tests.TC06_DeleteUserByIDRequest" time="1.707" errors="0" timestamp="2025-02-05T13:10:34 CST" skipped="0">
  <testcase classname="userapi_tests.TC06_DeleteUserByIDRequest" name="deleteUserById" time="1.707"/>
</testsuite> <!-- userapi_tests.TC06_DeleteUserByIDRequest -->
