<?xml version="1.0" encoding="UTF-8"?>
<!-- Generated by org.testng.reporters.JUnitReportReporter -->
<testsuite hostname="Anvi" failures="0" tests="1" name="userapi_tests.GetDetailsByUserIdRequest" time="1.452" errors="0" timestamp="2025-02-05T12:51:22 CST" skipped="0">
  <testcase classname="userapi_tests.GetDetailsByUserIdRequest" name="getUserById" time="1.452"/>
</testsuite> <!-- userapi_tests.GetDetailsByUserIdRequest -->
