<?xml version="1.0" encoding="UTF-8"?>
<!-- Generated by org.testng.reporters.JUnitReportReporter -->
<testsuite hostname="Anvi" failures="0" tests="1" name="userapi_tests.TC01_PostUserRequest" time="1.697" errors="0" timestamp="2025-02-05T13:15:39 CST" skipped="0">
  <testcase classname="userapi_tests.TC01_PostUserRequest" name="createUser" time="1.697"/>
</testsuite> <!-- userapi_tests.TC01_PostUserRequest -->
