<?xml version="1.0" encoding="UTF-8"?>
<!-- Generated by org.testng.reporters.JUnitReportReporter -->
<testsuite hostname="Anvi" failures="0" tests="1" name="userapi_tests.TC05_PutUpdateUsesrRequest" time="1.690" errors="0" timestamp="2025-02-05T13:38:39 CST" skipped="0">
  <testcase classname="userapi_tests.TC05_PutUpdateUsesrRequest" name="updateUserWithMap" time="1.690"/>
</testsuite> <!-- userapi_tests.TC05_PutUpdateUsesrRequest -->
